{"C:\\Users\\HP\\Downloads\\portofolio-backend\\backend\\src\\server.js": {"path":"C:\\Users\\HP\\Downloads\\portofolio-backend\\backend\\src\\server.js","statementMap":{"0":{"start":{"line":1,"column":16},"end":{"line":1,"column":34}},"1":{"start":{"line":5,"column":4},"end":{"line":5,"column":37}},"2":{"start":{"line":7,"column":12},"end":{"line":7,"column":21}},"3":{"start":{"line":9,"column":0},"end":{"line":9,"column":24}},"4":{"start":{"line":14,"column":0},"end":{"line":44,"column":3}},"5":{"start":{"line":16,"column":4},"end":{"line":42,"column":5}},"6":{"start":{"line":18,"column":19},"end":{"line":18,"column":32}},"7":{"start":{"line":20,"column":21},"end":{"line":20,"column":48}},"8":{"start":{"line":22,"column":8},"end":{"line":33,"column":9}},"9":{"start":{"line":24,"column":12},"end":{"line":24,"column":39}},"10":{"start":{"line":29,"column":12},"end":{"line":31,"column":15}},"11":{"start":{"line":38,"column":8},"end":{"line":40,"column":11}},"12":{"start":{"line":47,"column":13},"end":{"line":47,"column":17}},"13":{"start":{"line":49,"column":0},"end":{"line":57,"column":3}},"14":{"start":{"line":51,"column":4},"end":{"line":55,"column":5}},"15":{"start":{"line":52,"column":8},"end":{"line":54,"column":10}},"16":{"start":{"line":59,"column":0},"end":{"line":59,"column":21}}},"fnMap":{"0":{"name":"(anonymous_0)","decl":{"start":{"line":14,"column":29},"end":{"line":14,"column":30}},"loc":{"start":{"line":14,"column":49},"end":{"line":44,"column":1}},"line":14},"1":{"name":"(anonymous_1)","decl":{"start":{"line":49,"column":17},"end":{"line":49,"column":18}},"loc":{"start":{"line":49,"column":23},"end":{"line":57,"column":1}},"line":49}},"branchMap":{"0":{"loc":{"start":{"line":22,"column":8},"end":{"line":33,"column":9}},"type":"if","locations":[{"start":{"line":22,"column":8},"end":{"line":33,"column":9}},{"start":{"line":27,"column":13},"end":{"line":33,"column":9}}],"line":22},"1":{"loc":{"start":{"line":51,"column":4},"end":{"line":55,"column":5}},"type":"if","locations":[{"start":{"line":51,"column":4},"end":{"line":55,"column":5}},{"start":{},"end":{}}],"line":51}},"s":{"0":1,"1":1,"2":1,"3":1,"4":1,"5":2,"6":2,"7":2,"8":2,"9":1,"10":1,"11":0,"12":1,"13":1,"14":1,"15":0,"16":1},"f":{"0":2,"1":1},"b":{"0":[1,1],"1":[0,1]},"_coverageSchema":"1a1c01bbd47fc00a2c39e90264f33305004495a9","hash":"50efcbd9526a0e1bb087068ce52476c580781795"}
,"C:\\Users\\HP\\Downloads\\portofolio-backend\\backend\\src\\controllers\\testing.js": {"path":"C:\\Users\\HP\\Downloads\\portofolio-backend\\backend\\src\\controllers\\testing.js","statementMap":{"0":{"start":{"line":2,"column":4},"end":{"line":2,"column":17}},"1":{"start":{"line":5,"column":0},"end":{"line":5,"column":21}}},"fnMap":{"0":{"name":"sum","decl":{"start":{"line":1,"column":9},"end":{"line":1,"column":12}},"loc":{"start":{"line":1,"column":19},"end":{"line":3,"column":1}},"line":1}},"branchMap":{},"s":{"0":1,"1":1},"f":{"0":1},"b":{},"_coverageSchema":"1a1c01bbd47fc00a2c39e90264f33305004495a9","hash":"05fcf4dbdd95f05c972c01d1b912c1c6031fb891"}
,"C:\\Users\\HP\\Downloads\\portofolio-backend\\backend\\src\\models\\investorModel.js": {"path":"C:\\Users\\HP\\Downloads\\portofolio-backend\\backend\\src\\models\\investorModel.js","statementMap":{"0":{"start":{"line":1,"column":15},"end":{"line":1,"column":46}},"1":{"start":{"line":6,"column":18},"end":{"line":19,"column":1}},"2":{"start":{"line":24,"column":14},"end":{"line":33,"column":1}},"3":{"start":{"line":38,"column":22},"end":{"line":38,"column":24}},"4":{"start":{"line":43,"column":20},"end":{"line":43,"column":26}},"5":{"start":{"line":49,"column":18},"end":{"line":68,"column":1}},"6":{"start":{"line":51,"column":22},"end":{"line":55,"column":5}},"7":{"start":{"line":53,"column":12},"end":{"line":54,"column":38}},"8":{"start":{"line":57,"column":4},"end":{"line":65,"column":5}},"9":{"start":{"line":59,"column":8},"end":{"line":62,"column":10}},"10":{"start":{"line":64,"column":8},"end":{"line":64,"column":32}},"11":{"start":{"line":67,"column":4},"end":{"line":67,"column":16}},"12":{"start":{"line":74,"column":19},"end":{"line":93,"column":1}},"13":{"start":{"line":76,"column":22},"end":{"line":78,"column":5}},"14":{"start":{"line":77,"column":16},"end":{"line":77,"column":36}},"15":{"start":{"line":80,"column":4},"end":{"line":90,"column":5}},"16":{"start":{"line":82,"column":8},"end":{"line":85,"column":10}},"17":{"start":{"line":87,"column":8},"end":{"line":87,"column":34}},"18":{"start":{"line":89,"column":8},"end":{"line":89,"column":20}},"19":{"start":{"line":92,"column":4},"end":{"line":92,"column":17}},"20":{"start":{"line":101,"column":4},"end":{"line":118,"column":7}},"21":{"start":{"line":103,"column":8},"end":{"line":116,"column":10}},"22":{"start":{"line":108,"column":16},"end":{"line":113,"column":17}},"23":{"start":{"line":109,"column":20},"end":{"line":109,"column":32}},"24":{"start":{"line":112,"column":20},"end":{"line":112,"column":33}},"25":{"start":{"line":126,"column":26},"end":{"line":148,"column":1}},"26":{"start":{"line":127,"column":4},"end":{"line":127,"column":24}},"27":{"start":{"line":128,"column":4},"end":{"line":146,"column":5}},"28":{"start":{"line":130,"column":21},"end":{"line":130,"column":54}},"29":{"start":{"line":132,"column":8},"end":{"line":132,"column":26}},"30":{"start":{"line":135,"column":8},"end":{"line":135,"column":20}},"31":{"start":{"line":140,"column":8},"end":{"line":143,"column":10}},"32":{"start":{"line":145,"column":8},"end":{"line":145,"column":20}},"33":{"start":{"line":156,"column":21},"end":{"line":158,"column":5}},"34":{"start":{"line":157,"column":15},"end":{"line":157,"column":36}},"35":{"start":{"line":160,"column":4},"end":{"line":162,"column":5}},"36":{"start":{"line":161,"column":8},"end":{"line":161,"column":20}},"37":{"start":{"line":164,"column":22},"end":{"line":164,"column":40}},"38":{"start":{"line":166,"column":24},"end":{"line":174,"column":5}},"39":{"start":{"line":170,"column":12},"end":{"line":170,"column":50}},"40":{"start":{"line":176,"column":20},"end":{"line":176,"column":45}},"41":{"start":{"line":178,"column":4},"end":{"line":178,"column":33}},"42":{"start":{"line":180,"column":4},"end":{"line":180,"column":21}},"43":{"start":{"line":183,"column":25},"end":{"line":244,"column":6}},"44":{"start":{"line":184,"column":8},"end":{"line":243,"column":15}},"45":{"start":{"line":186,"column":12},"end":{"line":186,"column":40}},"46":{"start":{"line":188,"column":12},"end":{"line":191,"column":15}},"47":{"start":{"line":193,"column":12},"end":{"line":210,"column":15}},"48":{"start":{"line":213,"column":12},"end":{"line":241,"column":15}},"49":{"start":{"line":232,"column":16},"end":{"line":239,"column":17}},"50":{"start":{"line":233,"column":16},"end":{"line":233,"column":46}},"51":{"start":{"line":234,"column":16},"end":{"line":234,"column":41}},"52":{"start":{"line":236,"column":16},"end":{"line":236,"column":35}},"53":{"start":{"line":238,"column":16},"end":{"line":238,"column":33}},"54":{"start":{"line":245,"column":4},"end":{"line":249,"column":5}},"55":{"start":{"line":246,"column":8},"end":{"line":246,"column":29}},"56":{"start":{"line":248,"column":8},"end":{"line":248,"column":25}},"57":{"start":{"line":253,"column":0},"end":{"line":261,"column":2}}},"fnMap":{"0":{"name":"(anonymous_0)","decl":{"start":{"line":49,"column":18},"end":{"line":49,"column":19}},"loc":{"start":{"line":49,"column":39},"end":{"line":68,"column":1}},"line":49},"1":{"name":"(anonymous_1)","decl":{"start":{"line":52,"column":8},"end":{"line":52,"column":9}},"loc":{"start":{"line":53,"column":12},"end":{"line":54,"column":38}},"line":53},"2":{"name":"(anonymous_2)","decl":{"start":{"line":74,"column":19},"end":{"line":74,"column":20}},"loc":{"start":{"line":74,"column":37},"end":{"line":93,"column":1}},"line":74},"3":{"name":"(anonymous_3)","decl":{"start":{"line":77,"column":8},"end":{"line":77,"column":9}},"loc":{"start":{"line":77,"column":16},"end":{"line":77,"column":36}},"line":77},"4":{"name":"fetchInvestorFromDB","decl":{"start":{"line":99,"column":15},"end":{"line":99,"column":34}},"loc":{"start":{"line":99,"column":43},"end":{"line":120,"column":1}},"line":99},"5":{"name":"(anonymous_5)","decl":{"start":{"line":101,"column":23},"end":{"line":101,"column":24}},"loc":{"start":{"line":101,"column":44},"end":{"line":118,"column":5}},"line":101},"6":{"name":"(anonymous_6)","decl":{"start":{"line":106,"column":12},"end":{"line":106,"column":13}},"loc":{"start":{"line":106,"column":26},"end":{"line":115,"column":13}},"line":106},"7":{"name":"(anonymous_7)","decl":{"start":{"line":126,"column":26},"end":{"line":126,"column":27}},"loc":{"start":{"line":126,"column":44},"end":{"line":148,"column":1}},"line":126},"8":{"name":"calculateNAV","decl":{"start":{"line":154,"column":15},"end":{"line":154,"column":27}},"loc":{"start":{"line":154,"column":36},"end":{"line":181,"column":1}},"line":154},"9":{"name":"(anonymous_9)","decl":{"start":{"line":157,"column":8},"end":{"line":157,"column":9}},"loc":{"start":{"line":157,"column":15},"end":{"line":157,"column":36}},"line":157},"10":{"name":"(anonymous_10)","decl":{"start":{"line":168,"column":8},"end":{"line":168,"column":9}},"loc":{"start":{"line":170,"column":12},"end":{"line":170,"column":50}},"line":170},"11":{"name":"migrateAssets","decl":{"start":{"line":182,"column":15},"end":{"line":182,"column":28}},"loc":{"start":{"line":182,"column":30},"end":{"line":250,"column":1}},"line":182},"12":{"name":"(anonymous_12)","decl":{"start":{"line":183,"column":37},"end":{"line":183,"column":38}},"loc":{"start":{"line":183,"column":55},"end":{"line":244,"column":5}},"line":183},"13":{"name":"(anonymous_13)","decl":{"start":{"line":184,"column":21},"end":{"line":184,"column":22}},"loc":{"start":{"line":184,"column":27},"end":{"line":243,"column":13}},"line":184},"14":{"name":"(anonymous_14)","decl":{"start":{"line":230,"column":15},"end":{"line":230,"column":16}},"loc":{"start":{"line":230,"column":24},"end":{"line":241,"column":13}},"line":230}},"branchMap":{"0":{"loc":{"start":{"line":53,"column":12},"end":{"line":54,"column":38}},"type":"binary-expr","locations":[{"start":{"line":53,"column":12},"end":{"line":53,"column":32}},{"start":{"line":54,"column":12},"end":{"line":54,"column":38}}],"line":53},"1":{"loc":{"start":{"line":57,"column":4},"end":{"line":65,"column":5}},"type":"if","locations":[{"start":{"line":57,"column":4},"end":{"line":65,"column":5}},{"start":{},"end":{}}],"line":57},"2":{"loc":{"start":{"line":80,"column":4},"end":{"line":90,"column":5}},"type":"if","locations":[{"start":{"line":80,"column":4},"end":{"line":90,"column":5}},{"start":{},"end":{}}],"line":80},"3":{"loc":{"start":{"line":108,"column":16},"end":{"line":113,"column":17}},"type":"if","locations":[{"start":{"line":108,"column":16},"end":{"line":113,"column":17}},{"start":{"line":111,"column":21},"end":{"line":113,"column":17}}],"line":108},"4":{"loc":{"start":{"line":160,"column":4},"end":{"line":162,"column":5}},"type":"if","locations":[{"start":{"line":160,"column":4},"end":{"line":162,"column":5}},{"start":{},"end":{}}],"line":160},"5":{"loc":{"start":{"line":232,"column":16},"end":{"line":239,"column":17}},"type":"if","locations":[{"start":{"line":232,"column":16},"end":{"line":239,"column":17}},{"start":{"line":237,"column":23},"end":{"line":239,"column":17}}],"line":232}},"s":{"0":2,"1":2,"2":2,"3":2,"4":2,"5":2,"6":0,"7":0,"8":0,"9":0,"10":0,"11":0,"12":2,"13":0,"14":0,"15":0,"16":0,"17":0,"18":0,"19":0,"20":2,"21":2,"22":2,"23":0,"24":2,"25":2,"26":2,"27":2,"28":2,"29":2,"30":2,"31":0,"32":0,"33":2,"34":2,"35":2,"36":1,"37":1,"38":1,"39":4,"40":1,"41":1,"42":1,"43":0,"44":0,"45":0,"46":0,"47":0,"48":0,"49":0,"50":0,"51":0,"52":0,"53":0,"54":0,"55":0,"56":0,"57":2},"f":{"0":0,"1":0,"2":0,"3":0,"4":2,"5":2,"6":2,"7":2,"8":2,"9":2,"10":4,"11":0,"12":0,"13":0,"14":0},"b":{"0":[0,0],"1":[0,0],"2":[0,0],"3":[0,2],"4":[1,1],"5":[0,0]},"_coverageSchema":"1a1c01bbd47fc00a2c39e90264f33305004495a9","hash":"58eb4a8bb5b6e516957c3845c11e645b9d6cdb19"}
,"C:\\Users\\HP\\Downloads\\portofolio-backend\\backend\\src\\utility\\dbManager.js": {"path":"C:\\Users\\HP\\Downloads\\portofolio-backend\\backend\\src\\utility\\dbManager.js","statementMap":{"0":{"start":{"line":1,"column":16},"end":{"line":1,"column":44}},"1":{"start":{"line":3,"column":11},"end":{"line":51,"column":1}},"2":{"start":{"line":9,"column":8},"end":{"line":47,"column":9}},"3":{"start":{"line":11,"column":12},"end":{"line":11,"column":39}},"4":{"start":{"line":15,"column":12},"end":{"line":19,"column":13}},"5":{"start":{"line":17,"column":16},"end":{"line":17,"column":50}},"6":{"start":{"line":21,"column":12},"end":{"line":45,"column":14}},"7":{"start":{"line":29,"column":20},"end":{"line":41,"column":21}},"8":{"start":{"line":31,"column":24},"end":{"line":31,"column":49}},"9":{"start":{"line":35,"column":24},"end":{"line":39,"column":25}},"10":{"start":{"line":37,"column":28},"end":{"line":37,"column":46}},"11":{"start":{"line":53,"column":0},"end":{"line":55,"column":2}}},"fnMap":{"0":{"name":"(anonymous_0)","decl":{"start":{"line":7,"column":4},"end":{"line":7,"column":5}},"loc":{"start":{"line":7,"column":15},"end":{"line":49,"column":5}},"line":7},"1":{"name":"(anonymous_1)","decl":{"start":{"line":27,"column":16},"end":{"line":27,"column":17}},"loc":{"start":{"line":27,"column":31},"end":{"line":43,"column":17}},"line":27}},"branchMap":{"0":{"loc":{"start":{"line":9,"column":8},"end":{"line":47,"column":9}},"type":"if","locations":[{"start":{"line":9,"column":8},"end":{"line":47,"column":9}},{"start":{"line":13,"column":15},"end":{"line":47,"column":9}}],"line":9},"1":{"loc":{"start":{"line":15,"column":12},"end":{"line":19,"column":13}},"type":"if","locations":[{"start":{"line":15,"column":12},"end":{"line":19,"column":13}},{"start":{},"end":{}}],"line":15},"2":{"loc":{"start":{"line":29,"column":20},"end":{"line":41,"column":21}},"type":"if","locations":[{"start":{"line":29,"column":20},"end":{"line":41,"column":21}},{"start":{"line":33,"column":27},"end":{"line":41,"column":21}}],"line":29},"3":{"loc":{"start":{"line":35,"column":24},"end":{"line":39,"column":25}},"type":"if","locations":[{"start":{"line":35,"column":24},"end":{"line":39,"column":25}},{"start":{},"end":{}}],"line":35}},"s":{"0":2,"1":2,"2":1,"3":0,"4":1,"5":0,"6":1,"7":1,"8":0,"9":1,"10":0,"11":2},"f":{"0":1,"1":1},"b":{"0":[0,1],"1":[0,1],"2":[0,1],"3":[0,1]},"_coverageSchema":"1a1c01bbd47fc00a2c39e90264f33305004495a9","hash":"f892f3b3e687b58f44a28b8f4113ba49a91b446d"}
}
