TN:
SF:src\server.js
FN:14,(anonymous_0)
FN:49,(anonymous_1)
FNF:2
FNH:2
FNDA:2,(anonymous_0)
FNDA:1,(anonymous_1)
DA:1,1
DA:5,1
DA:7,1
DA:9,1
DA:14,1
DA:16,2
DA:18,2
DA:20,2
DA:22,2
DA:24,1
DA:29,1
DA:38,0
DA:47,1
DA:49,1
DA:51,1
DA:52,0
DA:59,1
LF:17
LH:15
BRDA:22,0,0,1
BRDA:22,0,1,1
BRDA:51,1,0,0
BRDA:51,1,1,1
BRF:4
BRH:3
end_of_record
TN:
SF:src\controllers\testing.js
FN:1,sum
FNF:1
FNH:1
FNDA:1,sum
DA:2,1
DA:5,1
LF:2
LH:2
BRF:0
BRH:0
end_of_record
TN:
SF:src\models\investorModel.js
FN:49,(anonymous_0)
FN:52,(anonymous_1)
FN:74,(anonymous_2)
FN:77,(anonymous_3)
FN:99,fetchInvestorFromDB
FN:101,(anonymous_5)
FN:106,(anonymous_6)
FN:126,(anonymous_7)
FN:154,calculateNAV
FN:157,(anonymous_9)
FN:168,(anonymous_10)
FN:182,migrateAssets
FN:183,(anonymous_12)
FN:184,(anonymous_13)
FN:230,(anonymous_14)
FNF:15
FNH:7
FNDA:0,(anonymous_0)
FNDA:0,(anonymous_1)
FNDA:0,(anonymous_2)
FNDA:0,(anonymous_3)
FNDA:2,fetchInvestorFromDB
FNDA:2,(anonymous_5)
FNDA:2,(anonymous_6)
FNDA:2,(anonymous_7)
FNDA:2,calculateNAV
FNDA:2,(anonymous_9)
FNDA:4,(anonymous_10)
FNDA:0,migrateAssets
FNDA:0,(anonymous_12)
FNDA:0,(anonymous_13)
FNDA:0,(anonymous_14)
DA:1,2
DA:6,2
DA:24,2
DA:38,2
DA:43,2
DA:49,2
DA:51,0
DA:53,0
DA:57,0
DA:59,0
DA:64,0
DA:67,0
DA:74,2
DA:76,0
DA:77,0
DA:80,0
DA:82,0
DA:87,0
DA:89,0
DA:92,0
DA:101,2
DA:103,2
DA:108,2
DA:109,0
DA:112,2
DA:126,2
DA:127,2
DA:128,2
DA:130,2
DA:132,2
DA:135,2
DA:140,0
DA:145,0
DA:156,2
DA:157,2
DA:160,2
DA:161,1
DA:164,1
DA:166,1
DA:170,4
DA:176,1
DA:178,1
DA:180,1
DA:183,0
DA:184,0
DA:186,0
DA:188,0
DA:193,0
DA:213,0
DA:232,0
DA:233,0
DA:234,0
DA:236,0
DA:238,0
DA:245,0
DA:246,0
DA:248,0
DA:253,2
LF:58
LH:28
BRDA:53,0,0,0
BRDA:53,0,1,0
BRDA:57,1,0,0
BRDA:57,1,1,0
BRDA:80,2,0,0
BRDA:80,2,1,0
BRDA:108,3,0,0
BRDA:108,3,1,2
BRDA:160,4,0,1
BRDA:160,4,1,1
BRDA:232,5,0,0
BRDA:232,5,1,0
BRF:12
BRH:3
end_of_record
TN:
SF:src\utility\dbManager.js
FN:7,(anonymous_0)
FN:27,(anonymous_1)
FNF:2
FNH:2
FNDA:1,(anonymous_0)
FNDA:1,(anonymous_1)
DA:1,2
DA:3,2
DA:9,1
DA:11,0
DA:15,1
DA:17,0
DA:21,1
DA:29,1
DA:31,0
DA:35,1
DA:37,0
DA:53,2
LF:12
LH:8
BRDA:9,0,0,0
BRDA:9,0,1,1
BRDA:15,1,0,0
BRDA:15,1,1,1
BRDA:29,2,0,0
BRDA:29,2,1,1
BRDA:35,3,0,0
BRDA:35,3,1,1
BRF:8
BRH:4
end_of_record
